<?xml version="1.0" encoding="UTF-8"?>
<testsuite name="coing.test.kotlin.AppTest" tests="4" skipped="0" failures="0" errors="0" timestamp="2022-05-12T14:35:58" hostname="Ljubomirs-MacBook-Pro.local" time="0.028">
  <properties/>
  <testcase name="addsPositiveNumbers" classname="coing.test.kotlin.AppTest" time="0.026"/>
  <testcase name="addsNegativeNumbers" classname="coing.test.kotlin.AppTest" time="0.001"/>
  <testcase name="addsDifferentlySignedNumbers" classname="coing.test.kotlin.AppTest" time="0.0"/>
  <testcase name="addingZeroPreservesNumber" classname="coing.test.kotlin.AppTest" time="0.001"/>
  <system-out><![CDATA[]]></system-out>
  <system-err><![CDATA[]]></system-err>
</testsuite>
